Initialize engine version: 5.6.2f1 (a2913c821e27)
GfxDevice: creating device client; threaded=1
Direct3D:
    Version:  Direct3D 11.0 [level 11.1]
    Renderer: NVIDIA GeForce GTX 1060 (ID=0x1c20)
    Vendor:   NVIDIA
    VRAM:     6084 MB
    Driver:   22.21.13.8165
Begin MonoManager ReloadAssembly
Platform assembly: D:\Documents\ThirdPersonNarrativePrototype\ThirdPersonRPG_Prototype\TestBuild\MultiplayerTest_Data\Managed\UnityEngine.dll (this message is harmless)
Loading D:\Documents\ThirdPersonNarrativePrototype\ThirdPersonRPG_Prototype\TestBuild\MultiplayerTest_Data\Managed\UnityEngine.dll into Unity Child Domain
Platform assembly: D:\Documents\ThirdPersonNarrativePrototype\ThirdPersonRPG_Prototype\TestBuild\MultiplayerTest_Data\Managed\Assembly-CSharp.dll (this message is harmless)
Loading D:\Documents\ThirdPersonNarrativePrototype\ThirdPersonRPG_Prototype\TestBuild\MultiplayerTest_Data\Managed\Assembly-CSharp.dll into Unity Child Domain
Platform assembly: D:\Documents\ThirdPersonNarrativePrototype\ThirdPersonRPG_Prototype\TestBuild\MultiplayerTest_Data\Managed\UnityEngine.UI.dll (this message is harmless)
Loading D:\Documents\ThirdPersonNarrativePrototype\ThirdPersonRPG_Prototype\TestBuild\MultiplayerTest_Data\Managed\UnityEngine.UI.dll into Unity Child Domain
Platform assembly: D:\Documents\ThirdPersonNarrativePrototype\ThirdPersonRPG_Prototype\TestBuild\MultiplayerTest_Data\Managed\UnityEngine.Networking.dll (this message is harmless)
Loading D:\Documents\ThirdPersonNarrativePrototype\ThirdPersonRPG_Prototype\TestBuild\MultiplayerTest_Data\Managed\UnityEngine.Networking.dll into Unity Child Domain
- Completed reload, in  0.044 seconds
Platform assembly: D:\Documents\ThirdPersonNarrativePrototype\ThirdPersonRPG_Prototype\TestBuild\MultiplayerTest_Data\Managed\System.Core.dll (this message is harmless)
Platform assembly: D:\Documents\ThirdPersonNarrativePrototype\ThirdPersonRPG_Prototype\TestBuild\MultiplayerTest_Data\Managed\System.dll (this message is harmless)
desktop: 1920x1080 60Hz; virtual: 1920x1080 at 0,0
<RI> Initializing input.
<RI> Input initialized.
<RI> Initialized touch support.
UnloadTime: 1.602764 ms
MatchMakingClient ListMatches :https://mm.unet.unity3d.com/json/reply/ListMatchRequest
 
(Filename: C:/buildslave/unity/build/artifacts/generated/common/runtime/DebugBindings.gen.cpp Line: 51)

Setting up 4 worker threads for Enlighten.
  Thread -> id: b958 -> priority: 1 
  Thread -> id: db58 -> priority: 1 
  Thread -> id: dc50 -> priority: 1 
  Thread -> id: e420 -> priority: 1 
MatchMakingClient Join :https://mm.unet.unity3d.com/json/reply/JoinMatchRequest
 
(Filename: C:/buildslave/unity/build/artifacts/generated/common/runtime/DebugBindings.gen.cpp Line: 51)

Network configuration mismatch detected. The number of networked scripts on the client does not match the number of networked scripts on the server. This could be caused by lazy loading of scripts on the client. This warning can be disabled by the checkbox in NetworkManager Script CRC Check.
 
(Filename: C:/buildslave/unity/build/artifacts/generated/common/runtime/DebugBindings.gen.cpp Line: 51)

CRC Local Dump MultiplayerPlayerManager : 0
 
(Filename: C:/buildslave/unity/build/artifacts/generated/common/runtime/DebugBindings.gen.cpp Line: 51)

CRC Local Dump MultiplayerShoot : 0
 
(Filename: C:/buildslave/unity/build/artifacts/generated/common/runtime/DebugBindings.gen.cpp Line: 51)

CRC Remote Dump MultiplayerPlayerManager : 0
 
(Filename: C:/buildslave/unity/build/artifacts/generated/common/runtime/DebugBindings.gen.cpp Line: 51)

CRC Remote Dump MultiplayerShoot : 0
 
(Filename: C:/buildslave/unity/build/artifacts/generated/common/runtime/DebugBindings.gen.cpp Line: 51)

CRC Remote Dump CargoScript : 0
 
(Filename: C:/buildslave/unity/build/artifacts/generated/common/runtime/DebugBindings.gen.cpp Line: 51)

CRC Remote Dump MultiplayerEnemyAI : 0
 
(Filename: C:/buildslave/unity/build/artifacts/generated/common/runtime/DebugBindings.gen.cpp Line: 51)

CRC Remote Dump MultiplayerKeyScript : 0
 
(Filename: C:/buildslave/unity/build/artifacts/generated/common/runtime/DebugBindings.gen.cpp Line: 51)

CRC Remote Dump MultiplayerTouchToDie : 0
 
(Filename: C:/buildslave/unity/build/artifacts/generated/common/runtime/DebugBindings.gen.cpp Line: 51)

Unloading 5 Unused Serialized files (Serialized files now loaded: 0)
UnloadTime: 4.550712 ms

Unloading 24 unused Assets to reduce memory usage. Loaded Objects now: 1501.
Total: 0.516740 ms (FindLiveObjects: 0.097185 ms CreateObjectMapping: 0.021333 ms MarkObjects: 0.374123 ms  DeleteObjects: 0.022913 ms)

SpawnObject for ObstaclePlayer 170 (UnityEngine.GameObject), NetworkServer is not active. Cannot spawn objects without an active server.
 
(Filename: C:/buildslave/unity/build/artifacts/generated/common/runtime/DebugBindings.gen.cpp Line: 51)

Failed to spawn server object, did you forget to add it to the NetworkManager? assetId=c420f9eabf862994786b0cfe6c736a6d netId=19
 
(Filename: C:/buildslave/unity/build/artifacts/generated/common/runtime/DebugBindings.gen.cpp Line: 51)

Did not find target for sync message for 19
 
(Filename: C:/buildslave/unity/build/artifacts/generated/common/runtime/DebugBindings.gen.cpp Line: 51)

Did not find target for sync message for 19
 
(Filename: C:/buildslave/unity/build/artifacts/generated/common/runtime/DebugBindings.gen.cpp Line: 51)

Did not find target for sync message for 19
 
(Filename: C:/buildslave/unity/build/artifacts/generated/common/runtime/DebugBindings.gen.cpp Line: 51)

Did not find target for sync message for 19
 
(Filename: C:/buildslave/unity/build/artifacts/generated/common/runtime/DebugBindings.gen.cpp Line: 51)

Did not find target for sync message for 19
 
(Filename: C:/buildslave/unity/build/artifacts/generated/common/runtime/DebugBindings.gen.cpp Line: 51)

SpawnObject for ObstaclePlayer 171 (UnityEngine.GameObject), NetworkServer is not active. Cannot spawn objects without an active server.
 
(Filename: C:/buildslave/unity/build/artifacts/generated/common/runtime/DebugBindings.gen.cpp Line: 51)

Failed to spawn server object, did you forget to add it to the NetworkManager? assetId=c420f9eabf862994786b0cfe6c736a6d netId=20
 
(Filename: C:/buildslave/unity/build/artifacts/generated/common/runtime/DebugBindings.gen.cpp Line: 51)

Did not find target for sync message for 20
 
(Filename: C:/buildslave/unity/build/artifacts/generated/common/runtime/DebugBindings.gen.cpp Line: 51)

Did not find target for sync message for 20
 
(Filename: C:/buildslave/unity/build/artifacts/generated/common/runtime/DebugBindings.gen.cpp Line: 51)

Did not find target for sync message for 20
 
(Filename: C:/buildslave/unity/build/artifacts/generated/common/runtime/DebugBindings.gen.cpp Line: 51)

Did not find target for sync message for 20
 
(Filename: C:/buildslave/unity/build/artifacts/generated/common/runtime/DebugBindings.gen.cpp Line: 51)

Did not find target for sync message for 20
 
(Filename: C:/buildslave/unity/build/artifacts/generated/common/runtime/DebugBindings.gen.cpp Line: 51)

Did not find target for sync message for 20
 
(Filename: C:/buildslave/unity/build/artifacts/generated/common/runtime/DebugBindings.gen.cpp Line: 51)

Did not find target for sync message for 20
 
(Filename: C:/buildslave/unity/build/artifacts/generated/common/runtime/DebugBindings.gen.cpp Line: 51)

SpawnObject for ObstaclePlayer 172 (UnityEngine.GameObject), NetworkServer is not active. Cannot spawn objects without an active server.
 
(Filename: C:/buildslave/unity/build/artifacts/generated/common/runtime/DebugBindings.gen.cpp Line: 51)

Failed to spawn server object, did you forget to add it to the NetworkManager? assetId=c420f9eabf862994786b0cfe6c736a6d netId=21
 
(Filename: C:/buildslave/unity/build/artifacts/generated/common/runtime/DebugBindings.gen.cpp Line: 51)

Did not find target for sync message for 21
 
(Filename: C:/buildslave/unity/build/artifacts/generated/common/runtime/DebugBindings.gen.cpp Line: 51)

Did not find target for sync message for 20
 
(Filename: C:/buildslave/unity/build/artifacts/generated/common/runtime/DebugBindings.gen.cpp Line: 51)

Did not find target for sync message for 21
 
(Filename: C:/buildslave/unity/build/artifacts/generated/common/runtime/DebugBindings.gen.cpp Line: 51)

Did not find target for sync message for 20
 
(Filename: C:/buildslave/unity/build/artifacts/generated/common/runtime/DebugBindings.gen.cpp Line: 51)

Did not find target for sync message for 21
 
(Filename: C:/buildslave/unity/build/artifacts/generated/common/runtime/DebugBindings.gen.cpp Line: 51)

Did not find target for sync message for 20
 
(Filename: C:/buildslave/unity/build/artifacts/generated/common/runtime/DebugBindings.gen.cpp Line: 51)

Did not find target for sync message for 21
 
(Filename: C:/buildslave/unity/build/artifacts/generated/common/runtime/DebugBindings.gen.cpp Line: 51)

Did not find target for sync message for 20
 
(Filename: C:/buildslave/unity/build/artifacts/generated/common/runtime/DebugBindings.gen.cpp Line: 51)

Did not find target for sync message for 21
 
(Filename: C:/buildslave/unity/build/artifacts/generated/common/runtime/DebugBindings.gen.cpp Line: 51)

Did not find target for sync message for 20
 
(Filename: C:/buildslave/unity/build/artifacts/generated/common/runtime/DebugBindings.gen.cpp Line: 51)

Did not find target for sync message for 21
 
(Filename: C:/buildslave/unity/build/artifacts/generated/common/runtime/DebugBindings.gen.cpp Line: 51)

Did not find target for sync message for 20
 
(Filename: C:/buildslave/unity/build/artifacts/generated/common/runtime/DebugBindings.gen.cpp Line: 51)

Did not find target for sync message for 21
 
(Filename: C:/buildslave/unity/build/artifacts/generated/common/runtime/DebugBindings.gen.cpp Line: 51)

Did not find target for sync message for 20
 
(Filename: C:/buildslave/unity/build/artifacts/generated/common/runtime/DebugBindings.gen.cpp Line: 51)

Did not find target for sync message for 21
 
(Filename: C:/buildslave/unity/build/artifacts/generated/common/runtime/DebugBindings.gen.cpp Line: 51)

Did not find target for sync message for 20
 
(Filename: C:/buildslave/unity/build/artifacts/generated/common/runtime/DebugBindings.gen.cpp Line: 51)

Did not find target for sync message for 21
 
(Filename: C:/buildslave/unity/build/artifacts/generated/common/runtime/DebugBindings.gen.cpp Line: 51)

Did not find target for sync message for 20
 
(Filename: C:/buildslave/unity/build/artifacts/generated/common/runtime/DebugBindings.gen.cpp Line: 51)

Did not find target for sync message for 21
 
(Filename: C:/buildslave/unity/build/artifacts/generated/common/runtime/DebugBindings.gen.cpp Line: 51)

Did not find target for sync message for 20
 
(Filename: C:/buildslave/unity/build/artifacts/generated/common/runtime/DebugBindings.gen.cpp Line: 51)

Did not find target for sync message for 21
 
(Filename: C:/buildslave/unity/build/artifacts/generated/common/runtime/DebugBindings.gen.cpp Line: 51)

Did not find target for sync message for 20
 
(Filename: C:/buildslave/unity/build/artifacts/generated/common/runtime/DebugBindings.gen.cpp Line: 51)

Did not find target for sync message for 21
 
(Filename: C:/buildslave/unity/build/artifacts/generated/common/runtime/DebugBindings.gen.cpp Line: 51)

Did not find target for sync message for 20
 
(Filename: C:/buildslave/unity/build/artifacts/generated/common/runtime/DebugBindings.gen.cpp Line: 51)

Did not find target for sync message for 21
 
(Filename: C:/buildslave/unity/build/artifacts/generated/common/runtime/DebugBindings.gen.cpp Line: 51)

Did not find target for sync message for 20
 
(Filename: C:/buildslave/unity/build/artifacts/generated/common/runtime/DebugBindings.gen.cpp Line: 51)

Did not find target for sync message for 21
 
(Filename: C:/buildslave/unity/build/artifacts/generated/common/runtime/DebugBindings.gen.cpp Line: 51)

Did not find target for sync message for 20
 
(Filename: C:/buildslave/unity/build/artifacts/generated/common/runtime/DebugBindings.gen.cpp Line: 51)

Did not find target for sync message for 21
 
(Filename: C:/buildslave/unity/build/artifacts/generated/common/runtime/DebugBindings.gen.cpp Line: 51)

Did not find target for sync message for 20
 
(Filename: C:/buildslave/unity/build/artifacts/generated/common/runtime/DebugBindings.gen.cpp Line: 51)

Did not find target for sync message for 21
 
(Filename: C:/buildslave/unity/build/artifacts/generated/common/runtime/DebugBindings.gen.cpp Line: 51)

Did not find target for sync message for 20
 
(Filename: C:/buildslave/unity/build/artifacts/generated/common/runtime/DebugBindings.gen.cpp Line: 51)

Did not find target for sync message for 21
 
(Filename: C:/buildslave/unity/build/artifacts/generated/common/runtime/DebugBindings.gen.cpp Line: 51)

NullReferenceException: Object reference not set to an instance of an object
  at MultiplayerObstacleCrateScript.OnDestroy () [0x00000] in <filename unknown>:0 
 
(Filename:  Line: -1)

NullReferenceException: Object reference not set to an instance of an object
  at MultiplayerObstacleCrateScript.OnDestroy () [0x00000] in <filename unknown>:0 
 
(Filename:  Line: -1)

